<?xml version="1.0" encoding="UTF-8"?>
<!-- Generated by org.testng.reporters.JUnitXMLReporter -->
<testsuite hostname="HIBAML70132" ignored="0" name="API"
	tests="3" failures="0" timestamp="2020-07-07T16:14:10 IST"
	time="13.312" errors="0">
	<testcase name="getAllUsers" time="8.637"
		classname="com.qa.test.API.GetUsers" />
	<testcase name="postUser" time="1.279"
		classname="com.qa.test.API.createUsers" />
	<testcase name="getUser" time="1.196"
		classname="com.qa.test.API.GetUser" />
</testsuite> <!-- API -->
