<?xml version="1.0" encoding="UTF-8"?>
<!-- Generated by org.testng.reporters.JUnitXMLReporter -->
<testsuite hostname="HIGURL71125" ignored="0" name="Appium" tests="5" failures="1" timestamp="2020-07-08T09:52:38 IST" time="129.011" errors="0">
  <testcase name="getAllUsers" time="3.821" classname="com.qa.test.API.GetUsers"/>
  <testcase name="postUser" time="1.116" classname="com.qa.test.API.createUsers"/>
  <testcase name="getUser" time="0.874" classname="com.qa.test.API.GetUser"/>
  <testcase name="TestCase_one_verifyUserIsAbleTocreateUserProfile" time="57.242" classname="com.qa.testDefinition.TestUsercreation"/>
  <testcase name="TestCase_two_viewUserProfileAndVerifyDetails" time="54.641" classname="com.qa.testDefinition.TestUsercreation">
    <failure type="org.openqa.selenium.StaleElementReferenceException" message="androidx.test.uiautomator.StaleObjectException
For documentation on this error, please visit: https://www.seleniumhq.org/exceptions/stale_element_reference.html
Build info: version: &amp;apos;3.141.59&amp;apos;, revision: &amp;apos;e82be7d358&amp;apos;, time: &amp;apos;2018-11-14T08:17:03&amp;apos;
System info: host: &amp;apos;HIGURL71125&amp;apos;, ip: &amp;apos;10.45.64.17&amp;apos;, os.name: &amp;apos;Windows 10&amp;apos;, os.arch: &amp;apos;amd64&amp;apos;, os.version: &amp;apos;10.0&amp;apos;, java.version: &amp;apos;1.8.0_251&amp;apos;
Driver info: io.appium.java_client.android.AndroidDriver
Capabilities {app: C:\Users\tkhan\Desktop\Appi..., appPackage: com.example.roche, databaseEnabled: false, desired: {app: C:\Users\tkhan\Desktop\Appi..., deviceName: SM-A505F, newCommandTimeout: 60, platformName: android, platformVersion: 10, udid: RZ8M41YBJWA}, deviceApiLevel: 29, deviceManufacturer: samsung, deviceModel: SM-A505F, deviceName: RZ8M41YBJWA, deviceScreenDensity: 420, deviceScreenSize: 1080x2340, deviceUDID: RZ8M41YBJWA, javascriptEnabled: true, locationContextEnabled: false, networkConnectionEnabled: true, newCommandTimeout: 60, pixelRatio: 2.625, platform: LINUX, platformName: ANDROID, platformVersion: 10, statBarHeight: 83, takesScreenshot: true, udid: RZ8M41YBJWA, viewportRect: {height: 2048, left: 0, top: 83, width: 1080}, warnings: {}, webStorageEnabled: false}
Session ID: 4741b7ee-f018-4719-b5af-efc5ff357c4c">
      <![CDATA[org.openqa.selenium.StaleElementReferenceException: androidx.test.uiautomator.StaleObjectException
For documentation on this error, please visit: https://www.seleniumhq.org/exceptions/stale_element_reference.html
Build info: version: '3.141.59', revision: 'e82be7d358', time: '2018-11-14T08:17:03'
System info: host: 'HIGURL71125', ip: '10.45.64.17', os.name: 'Windows 10', os.arch: 'amd64', os.version: '10.0', java.version: '1.8.0_251'
Driver info: io.appium.java_client.android.AndroidDriver
Capabilities {app: C:\Users\tkhan\Desktop\Appi..., appPackage: com.example.roche, databaseEnabled: false, desired: {app: C:\Users\tkhan\Desktop\Appi..., deviceName: SM-A505F, newCommandTimeout: 60, platformName: android, platformVersion: 10, udid: RZ8M41YBJWA}, deviceApiLevel: 29, deviceManufacturer: samsung, deviceModel: SM-A505F, deviceName: RZ8M41YBJWA, deviceScreenDensity: 420, deviceScreenSize: 1080x2340, deviceUDID: RZ8M41YBJWA, javascriptEnabled: true, locationContextEnabled: false, networkConnectionEnabled: true, newCommandTimeout: 60, pixelRatio: 2.625, platform: LINUX, platformName: ANDROID, platformVersion: 10, statBarHeight: 83, takesScreenshot: true, udid: RZ8M41YBJWA, viewportRect: {height: 2048, left: 0, top: 83, width: 1080}, warnings: {}, webStorageEnabled: false}
Session ID: 4741b7ee-f018-4719-b5af-efc5ff357c4c
at org.openqa.selenium.remote.http.W3CHttpResponseCodec.createException(W3CHttpResponseCodec.java:187)
at org.openqa.selenium.remote.http.W3CHttpResponseCodec.decode(W3CHttpResponseCodec.java:122)
at org.openqa.selenium.remote.http.W3CHttpResponseCodec.decode(W3CHttpResponseCodec.java:49)
at org.openqa.selenium.remote.HttpCommandExecutor.execute(HttpCommandExecutor.java:158)
at io.appium.java_client.remote.AppiumCommandExecutor.execute(AppiumCommandExecutor.java:239)
at org.openqa.selenium.remote.RemoteWebDriver.execute(RemoteWebDriver.java:552)
at io.appium.java_client.DefaultGenericMobileDriver.execute(DefaultGenericMobileDriver.java:41)
at io.appium.java_client.AppiumDriver.execute(AppiumDriver.java:1)
at io.appium.java_client.android.AndroidDriver.execute(AndroidDriver.java:1)
at org.openqa.selenium.remote.RemoteWebElement.execute(RemoteWebElement.java:285)
at io.appium.java_client.DefaultGenericMobileElement.execute(DefaultGenericMobileElement.java:45)
at io.appium.java_client.MobileElement.execute(MobileElement.java:1)
at io.appium.java_client.android.AndroidElement.execute(AndroidElement.java:1)
at org.openqa.selenium.remote.RemoteWebElement.sendKeys(RemoteWebElement.java:106)
at io.appium.java_client.pagefactory.ElementInterceptor.getObject(ElementInterceptor.java:40)
at io.appium.java_client.pagefactory.interceptors.InterceptorOfASingleElement.intercept(InterceptorOfASingleElement.java:60)
at io.appium.java_client.android.AndroidElement$$EnhancerByCGLIB$$b598166c.sendKeys(<generated>)
at com.qa.test.Appium.DOSViewUser.SearchForUser(DOSViewUser.java:40)
at com.qa.testDefinition.TestUsercreation.TestCase_two_viewUserProfileAndVerifyDetails(TestUsercreation.java:26)
at java.util.ArrayList.forEach(ArrayList.java:1257)
... Removed 35 stack frames]]>
    </failure>
  </testcase> <!-- TestCase_two_viewUserProfileAndVerifyDetails -->
</testsuite> <!-- Appium -->
