<?xml version="1.0" encoding="UTF-8"?>
<!-- Generated by org.testng.reporters.JUnitXMLReporter -->
<testsuite hostname="HIBAML70132" ignored="0" name="API"
	tests="3" failures="0" timestamp="2020-07-07T16:12:05 IST" time="0.674"
	errors="0">
	<testcase name="@BeforeMethod setUp" time="-1.59411852508E9"
		classname="com.qa.test.API.GetUsers">
		<failure type="java.lang.NullPointerException">
      <![CDATA[java.lang.NullPointerException
at com.qa.custom_listener.TestExecution.beforeInvocation(TestExecution.java:24)
at java.util.ArrayList.forEach(ArrayList.java:1257)
... Removed 28 stack frames]]>
		</failure>
	</testcase> <!-- @BeforeMethod setUp -->
	<testcase name="@BeforeMethod setUp" time="-1.594118525589E9"
		classname="com.qa.test.API.createUsers">
		<failure type="java.lang.NullPointerException">
      <![CDATA[java.lang.NullPointerException
at com.qa.custom_listener.TestExecution.beforeInvocation(TestExecution.java:24)
at java.util.ArrayList.forEach(ArrayList.java:1257)
... Removed 28 stack frames]]>
		</failure>
	</testcase> <!-- @BeforeMethod setUp -->
	<testcase name="@BeforeMethod setUp" time="-1.59411852564E9"
		classname="com.qa.test.API.GetUser">
		<failure type="java.lang.NullPointerException">
      <![CDATA[java.lang.NullPointerException
at com.qa.custom_listener.TestExecution.beforeInvocation(TestExecution.java:24)
at java.util.ArrayList.forEach(ArrayList.java:1257)
... Removed 28 stack frames]]>
		</failure>
	</testcase> <!-- @BeforeMethod setUp -->
	<testcase name="getAllUsers" time="0.0"
		classname="com.qa.test.API.GetUsers">
		<skipped />
	</testcase> <!-- getAllUsers -->
	<testcase name="postUser" time="0.005"
		classname="com.qa.test.API.createUsers">
		<skipped />
	</testcase> <!-- postUser -->
	<testcase name="getUser" time="0.0"
		classname="com.qa.test.API.GetUser">
		<skipped />
	</testcase> <!-- getUser -->
</testsuite> <!-- API -->
