<?xml version="1.0" encoding="UTF-8"?>
<testng-results skipped="0" failed="1" ignored="0" total="5" passed="4">
  <reporter-output>
  </reporter-output>
  <suite name="Suite" duration-ms="129011" started-at="2020-07-08T09:50:29 IST" finished-at="2020-07-08T09:52:38 IST">
    <groups>
    </groups>
    <test name="Appium" duration-ms="129011" started-at="2020-07-08T09:50:29 IST" finished-at="2020-07-08T09:52:38 IST">
      <class name="com.qa.test.API.GetUser">
        <test-method status="PASS" signature="setUp()[pri:0, instance:com.qa.test.API.GetUser@77f99a05]" name="setUp" is-config="true" duration-ms="1" started-at="2020-07-08T09:50:35 IST" finished-at="2020-07-08T09:50:35 IST">
          <reporter-output>
          </reporter-output>
        </test-method> <!-- setUp -->
        <test-method status="PASS" signature="getUser()[pri:0, instance:com.qa.test.API.GetUser@77f99a05]" name="getUser" duration-ms="874" started-at="2020-07-08T09:50:35 IST" finished-at="2020-07-08T09:50:36 IST">
          <reporter-output>
          </reporter-output>
        </test-method> <!-- getUser -->
      </class> <!-- com.qa.test.API.GetUser -->
      <class name="com.qa.test.API.GetUsers">
        <test-method status="PASS" signature="setUp()[pri:0, instance:com.qa.test.API.GetUsers@1a3869f4]" name="setUp" is-config="true" duration-ms="1216" started-at="2020-07-08T09:50:29 IST" finished-at="2020-07-08T09:50:30 IST">
          <reporter-output>
          </reporter-output>
        </test-method> <!-- setUp -->
        <test-method status="PASS" signature="getAllUsers()[pri:0, instance:com.qa.test.API.GetUsers@1a3869f4]" name="getAllUsers" duration-ms="3821" started-at="2020-07-08T09:50:30 IST" finished-at="2020-07-08T09:50:34 IST">
          <reporter-output>
          </reporter-output>
        </test-method> <!-- getAllUsers -->
      </class> <!-- com.qa.test.API.GetUsers -->
      <class name="com.qa.test.API.createUsers">
        <test-method status="PASS" signature="setUp()[pri:0, instance:com.qa.test.API.createUsers@a38d7a3]" name="setUp" is-config="true" duration-ms="0" started-at="2020-07-08T09:50:34 IST" finished-at="2020-07-08T09:50:34 IST">
          <reporter-output>
          </reporter-output>
        </test-method> <!-- setUp -->
        <test-method status="PASS" signature="postUser()[pri:0, instance:com.qa.test.API.createUsers@a38d7a3]" name="postUser" duration-ms="1116" started-at="2020-07-08T09:50:34 IST" finished-at="2020-07-08T09:50:35 IST">
          <reporter-output>
          </reporter-output>
        </test-method> <!-- postUser -->
      </class> <!-- com.qa.test.API.createUsers -->
      <class name="com.qa.testDefinition.TestUsercreation">
        <test-method status="PASS" signature="TestCase_one_verifyUserIsAbleTocreateUserProfile()[pri:0, instance:com.qa.testDefinition.TestUsercreation@63440df3]" name="TestCase_one_verifyUserIsAbleTocreateUserProfile" duration-ms="57242" started-at="2020-07-08T09:50:36 IST" finished-at="2020-07-08T09:51:33 IST">
          <reporter-output>
          </reporter-output>
        </test-method> <!-- TestCase_one_verifyUserIsAbleTocreateUserProfile -->
        <test-method status="FAIL" signature="TestCase_two_viewUserProfileAndVerifyDetails()[pri:0, instance:com.qa.testDefinition.TestUsercreation@63440df3]" name="TestCase_two_viewUserProfileAndVerifyDetails" duration-ms="54641" started-at="2020-07-08T09:51:37 IST" finished-at="2020-07-08T09:52:32 IST">
          <exception class="org.openqa.selenium.StaleElementReferenceException">
            <message>
              <![CDATA[androidx.test.uiautomator.StaleObjectException
For documentation on this error, please visit: https://www.seleniumhq.org/exceptions/stale_element_reference.html
Build info: version: '3.141.59', revision: 'e82be7d358', time: '2018-11-14T08:17:03'
System info: host: 'HIGURL71125', ip: '10.45.64.17', os.name: 'Windows 10', os.arch: 'amd64', os.version: '10.0', java.version: '1.8.0_251'
Driver info: io.appium.java_client.android.AndroidDriver
Capabilities {app: C:\Users\tkhan\Desktop\Appi..., appPackage: com.example.roche, databaseEnabled: false, desired: {app: C:\Users\tkhan\Desktop\Appi..., deviceName: SM-A505F, newCommandTimeout: 60, platformName: android, platformVersion: 10, udid: RZ8M41YBJWA}, deviceApiLevel: 29, deviceManufacturer: samsung, deviceModel: SM-A505F, deviceName: RZ8M41YBJWA, deviceScreenDensity: 420, deviceScreenSize: 1080x2340, deviceUDID: RZ8M41YBJWA, javascriptEnabled: true, locationContextEnabled: false, networkConnectionEnabled: true, newCommandTimeout: 60, pixelRatio: 2.625, platform: LINUX, platformName: ANDROID, platformVersion: 10, statBarHeight: 83, takesScreenshot: true, udid: RZ8M41YBJWA, viewportRect: {height: 2048, left: 0, top: 83, width: 1080}, warnings: {}, webStorageEnabled: false}
Session ID: 4741b7ee-f018-4719-b5af-efc5ff357c4c]]>
            </message>
            <full-stacktrace>
              <![CDATA[org.openqa.selenium.StaleElementReferenceException: androidx.test.uiautomator.StaleObjectException
For documentation on this error, please visit: https://www.seleniumhq.org/exceptions/stale_element_reference.html
Build info: version: '3.141.59', revision: 'e82be7d358', time: '2018-11-14T08:17:03'
System info: host: 'HIGURL71125', ip: '10.45.64.17', os.name: 'Windows 10', os.arch: 'amd64', os.version: '10.0', java.version: '1.8.0_251'
Driver info: io.appium.java_client.android.AndroidDriver
Capabilities {app: C:\Users\tkhan\Desktop\Appi..., appPackage: com.example.roche, databaseEnabled: false, desired: {app: C:\Users\tkhan\Desktop\Appi..., deviceName: SM-A505F, newCommandTimeout: 60, platformName: android, platformVersion: 10, udid: RZ8M41YBJWA}, deviceApiLevel: 29, deviceManufacturer: samsung, deviceModel: SM-A505F, deviceName: RZ8M41YBJWA, deviceScreenDensity: 420, deviceScreenSize: 1080x2340, deviceUDID: RZ8M41YBJWA, javascriptEnabled: true, locationContextEnabled: false, networkConnectionEnabled: true, newCommandTimeout: 60, pixelRatio: 2.625, platform: LINUX, platformName: ANDROID, platformVersion: 10, statBarHeight: 83, takesScreenshot: true, udid: RZ8M41YBJWA, viewportRect: {height: 2048, left: 0, top: 83, width: 1080}, warnings: {}, webStorageEnabled: false}
Session ID: 4741b7ee-f018-4719-b5af-efc5ff357c4c
at sun.reflect.NativeConstructorAccessorImpl.newInstance0(Native Method)
at sun.reflect.NativeConstructorAccessorImpl.newInstance(NativeConstructorAccessorImpl.java:62)
at sun.reflect.DelegatingConstructorAccessorImpl.newInstance(DelegatingConstructorAccessorImpl.java:45)
at java.lang.reflect.Constructor.newInstance(Constructor.java:423)
at org.openqa.selenium.remote.http.W3CHttpResponseCodec.createException(W3CHttpResponseCodec.java:187)
at org.openqa.selenium.remote.http.W3CHttpResponseCodec.decode(W3CHttpResponseCodec.java:122)
at org.openqa.selenium.remote.http.W3CHttpResponseCodec.decode(W3CHttpResponseCodec.java:49)
at org.openqa.selenium.remote.HttpCommandExecutor.execute(HttpCommandExecutor.java:158)
at io.appium.java_client.remote.AppiumCommandExecutor.execute(AppiumCommandExecutor.java:239)
at org.openqa.selenium.remote.RemoteWebDriver.execute(RemoteWebDriver.java:552)
at io.appium.java_client.DefaultGenericMobileDriver.execute(DefaultGenericMobileDriver.java:41)
at io.appium.java_client.AppiumDriver.execute(AppiumDriver.java:1)
at io.appium.java_client.android.AndroidDriver.execute(AndroidDriver.java:1)
at org.openqa.selenium.remote.RemoteWebElement.execute(RemoteWebElement.java:285)
at io.appium.java_client.DefaultGenericMobileElement.execute(DefaultGenericMobileElement.java:45)
at io.appium.java_client.MobileElement.execute(MobileElement.java:1)
at io.appium.java_client.android.AndroidElement.execute(AndroidElement.java:1)
at org.openqa.selenium.remote.RemoteWebElement.sendKeys(RemoteWebElement.java:106)
at sun.reflect.NativeMethodAccessorImpl.invoke0(Native Method)
at sun.reflect.NativeMethodAccessorImpl.invoke(NativeMethodAccessorImpl.java:62)
at sun.reflect.DelegatingMethodAccessorImpl.invoke(DelegatingMethodAccessorImpl.java:43)
at java.lang.reflect.Method.invoke(Method.java:498)
at io.appium.java_client.pagefactory.ElementInterceptor.getObject(ElementInterceptor.java:40)
at io.appium.java_client.pagefactory.interceptors.InterceptorOfASingleElement.intercept(InterceptorOfASingleElement.java:60)
at io.appium.java_client.android.AndroidElement$$EnhancerByCGLIB$$b598166c.sendKeys(<generated>)
at com.qa.test.Appium.DOSViewUser.SearchForUser(DOSViewUser.java:40)
at com.qa.testDefinition.TestUsercreation.TestCase_two_viewUserProfileAndVerifyDetails(TestUsercreation.java:26)
at sun.reflect.NativeMethodAccessorImpl.invoke0(Native Method)
at sun.reflect.NativeMethodAccessorImpl.invoke(NativeMethodAccessorImpl.java:62)
at sun.reflect.DelegatingMethodAccessorImpl.invoke(DelegatingMethodAccessorImpl.java:43)
at java.lang.reflect.Method.invoke(Method.java:498)
at org.testng.internal.MethodInvocationHelper.invokeMethod(MethodInvocationHelper.java:134)
at org.testng.internal.TestInvoker.invokeMethod(TestInvoker.java:597)
at org.testng.internal.TestInvoker.invokeTestMethod(TestInvoker.java:173)
at org.testng.internal.MethodRunner.runInSequence(MethodRunner.java:46)
at org.testng.internal.TestInvoker$MethodInvocationAgent.invoke(TestInvoker.java:816)
at org.testng.internal.TestInvoker.invokeTestMethods(TestInvoker.java:146)
at org.testng.internal.TestMethodWorker.invokeTestMethods(TestMethodWorker.java:146)
at org.testng.internal.TestMethodWorker.run(TestMethodWorker.java:128)
at java.util.ArrayList.forEach(ArrayList.java:1257)
at org.testng.TestRunner.privateRun(TestRunner.java:766)
at org.testng.TestRunner.run(TestRunner.java:587)
at org.testng.SuiteRunner.runTest(SuiteRunner.java:384)
at org.testng.SuiteRunner.runSequentially(SuiteRunner.java:378)
at org.testng.SuiteRunner.privateRun(SuiteRunner.java:337)
at org.testng.SuiteRunner.run(SuiteRunner.java:286)
at org.testng.SuiteRunnerWorker.runSuite(SuiteRunnerWorker.java:53)
at org.testng.SuiteRunnerWorker.run(SuiteRunnerWorker.java:96)
at org.testng.TestNG.runSuitesSequentially(TestNG.java:1187)
at org.testng.TestNG.runSuitesLocally(TestNG.java:1109)
at org.testng.TestNG.runSuites(TestNG.java:1039)
at org.testng.TestNG.run(TestNG.java:1007)
at org.testng.remote.AbstractRemoteTestNG.run(AbstractRemoteTestNG.java:115)
at org.testng.remote.RemoteTestNG.initAndRun(RemoteTestNG.java:251)
at org.testng.remote.RemoteTestNG.main(RemoteTestNG.java:77)
]]>
            </full-stacktrace>
          </exception> <!-- org.openqa.selenium.StaleElementReferenceException -->
          <reporter-output>
          </reporter-output>
        </test-method> <!-- TestCase_two_viewUserProfileAndVerifyDetails -->
      </class> <!-- com.qa.testDefinition.TestUsercreation -->
    </test> <!-- Appium -->
  </suite> <!-- Suite -->
</testng-results>
